### ISSUE TITLE
get_nt_build_id segfaults app early due to invalid segments scan

### ISSUE THREAD

**Issue by sitano** [scylladb/scylla#8261]
What
---

If it happens that NT_GNU_ABI_TAG (1) comes right before the NT_GNU_BUILD_ID (3) `get_nt_build_id` (https://github.com/scylladb/scylla/blob/master/utils/build_id.cc#L25-L37) will evaluate an incorrect shift of the next segment pointer by omitting the addition of the 4 words: 

```
/* ABI information.  The descriptor consists of words:
   word 0: OS descriptor
   word 1: major version of the ABI
   word 2: minor version of the ABI
   word 3: subminor version of the ABI
*/
#define NT_GNU_ABI_TAG	1
```

It will result in the far jump in `p` and check miss in the while loop cond.

Cause
---

Not all segments have only Elf64_Nhdr header. Some has something else. For example:

```
#define NT_GNU_ABI_TAG	1
#define ELF_NOTE_ABI	NT_GNU_ABI_TAG /* Old name.  */
```

How to fix
---

Check type of n_type and shift `p` correctly.

Proof
---

```
hi
line 0x7ffff7ffe788
0
info/0 0x7fffffffd5d0
info 0x7fffffffd5d0
section: type = 6, max = 12, offset = 40, aling = 8
section: type = 3, max = 12, offset = 2e0, aling = 1
section: type = 1, max = 12, offset = 0, aling = 4096
section: type = 1, max = 12, offset = 259fa80, aling = 4096
section: type = 2, max = 12, offset = 2652510, aling = 8
section: type = 4, max = 12, offset = 510, aling = 8
start: *p0 0x555555554510, base = 0x555555554000, vaddr = 0x510, offset = 510
end: *p0:0x555555554510+s:32 = *e 0x555555554530
cur 0x555555554510
segment: name 4, desc 16, type 5
section: type = 4, max = 12, offset = 4e0, aling = 4
start: *p0 0x5555555544e0, base = 0x555555554000, vaddr = 0x4e0, offset = 4e0
end: *p0:0x5555555544e0+s:116 = *e 0x555555554554
cur 0x5555555544e0
segment: name 4, desc 16, type 1
cur 0x555555554500
segment: name 0, desc 0, type 0
cur 0x55555555450c
segment: name 0, desc 4, type 16
cur 0x55555555451c
segment: name 5590599, desc 3221258242, type 4
cur 0x555615ab1374

Program received signal SIGSEGV, Segmentation fault.
-----------------------------------------------------------------------------------------------------------------------[regs]
  RAX: 0x0000000000000000  RBX: 0x00007FFFFFFFD350  RBP: 0x0000555555554190  RSP: 0x00007FFFFFFFD160  o d I t s z a P c 
  RDI: 0x00007FFFF62AF4D0  RSI: 0x0000000000000000  RDX: 0x0000000000000000  RCX: 0x0000000000000C00  RIP: 0x000055555584FF66
  R8 : 0x0000000000000000  R9 : 0x0000000000000000  R10: 0x00007FFFF796B120  R11: 0x0000000000000246  R12: 0x0000555615AB1374
  R13: 0x00007FFFF62AD608  R14: 0x0000555555554554  R15: 0x000055555701B009
  CS: 0033  DS: 0000  ES: 0000  FS: 0000  GS: 0000  SS: 002B				
-----------------------------------------------------------------------------------------------------------------------[code]
=> 0x55555584ff66 <_ZL8callbackP12dl_phdr_infomPv+822>:	mov    eax,DWORD PTR [r12]
   0x55555584ff6a <_ZL8callbackP12dl_phdr_infomPv+826>:	mov    ecx,DWORD PTR [r12+0x4]
   0x55555584ff6f <_ZL8callbackP12dl_phdr_infomPv+831>:	mov    edx,DWORD PTR [r12+0x8]
   0x55555584ff74 <_ZL8callbackP12dl_phdr_infomPv+836>:	mov    QWORD PTR [rsp+0x1f0],rax
   0x55555584ff7c <_ZL8callbackP12dl_phdr_infomPv+844>:	mov    QWORD PTR [rsp+0x200],rcx
   0x55555584ff84 <_ZL8callbackP12dl_phdr_infomPv+852>:	mov    QWORD PTR [rsp+0x210],rdx
   0x55555584ff8c <_ZL8callbackP12dl_phdr_infomPv+860>:	mov    esi,0x23
   0x55555584ff91 <_ZL8callbackP12dl_phdr_infomPv+865>:	mov    edx,0x222
-----------------------------------------------------------------------------------------------------------------------------
0x000055555584ff66 in callback(dl_phdr_info*, unsigned long, void*) ()
gdb$ x/64c 0x5555555544e0
0x5555555544e0 <__abi_tag>:	[ 0x4	0x0	0x0	0x0	0x10	0x0	0x0	0x0
0x5555555544e8 <__abi_tag+8>:	0x1	0x0	0x0	0x0	0x47	0x4e	0x55	0x0
0x5555555544f0 <__abi_tag+16>:	0x0	0x0	0x0	0x0	0x4	0x0	0x0	0x0
0x5555555544f8 <__abi_tag+24>:	0x4	0x0	0x0	0x0	0x0	0x0	0x0	0x0 ]
0x555555554500:	([ 0x0	0x0	0x0	0x0	0x0	0x0	0x0	0x0
0x555555554508:	0x0	0x0	0x0	0x0	] [ 0x0	0x0	0x0	0x0)
0x555555554510:	0x4	0x0	0x0	0x0	0x10	0x0	0x0	0x0 
0x555555554518:	0x5	0x0	0x0	0x0	0x47	0x4e	0x55	0x0
```

Scan thinks that there is an entry at 0x555555554500 while the actual entry starts at 0x555555554510.

Hint
---

```
Section Headers:
  [Nr] Name              Type             Address           Offset
       Size              EntSize          Flags  Link  Info  Align
  [ 0]                   NULL             0000000000000000  00000000
       0000000000000000  0000000000000000           0     0     0
  [ 1] .interp           PROGBITS         00000000000002e0  000002e0
       0000000000000200  0000000000000000   A       0     0     1
  [ 2] .note.ABI-tag     NOTE             00000000000004e0  000004e0
       0000000000000020  0000000000000000   A       0     0     4
  [ 3] .note.osv-mlock   NOTE             0000000000000500  00000500
       000000000000000c  0000000000000000   A       0     0     1
  [ 4] .note.gnu.pr[...] NOTE             0000000000000510  00000510
       0000000000000020  0000000000000000   A       0     0     8
  [ 5] .note.gnu.bu[...] NOTE             0000000000000530  00000530
       0000000000000024  0000000000000000   A       0     0     4
```

**Comment by sitano** [comment]
I am not sure though those 4 words of the ABI descriptor shall not be part of the header desc. But have no other ideas.
